<?xml version="1.0" encoding="UTF-8"?>
<testng-results skipped="0" failed="0" total="1" passed="1">
  <reporter-output>
  </reporter-output>
  <suite name="Default suite" duration-ms="31652" started-at="2015-06-23T14:11:42Z" finished-at="2015-06-23T14:12:13Z">
    <groups>
    </groups>
    <test name="Default test" duration-ms="31652" started-at="2015-06-23T14:11:42Z" finished-at="2015-06-23T14:12:13Z">
      <class name="stocksuite.SellPortFolioStockTest">
        <test-method status="PASS" signature="addPortfolioNewStockTest()[pri:0, instance:stocksuite.SellPortFolioStockTest@6791525e]" name="addPortfolioNewStockTest" duration-ms="26617" started-at="2015-06-23T19:41:42Z" finished-at="2015-06-23T19:42:08Z">
          <reporter-output>
          </reporter-output>
        </test-method> <!-- addPortfolioNewStockTest -->
        <test-method status="PASS" signature="close()[pri:0, instance:stocksuite.SellPortFolioStockTest@6791525e]" name="close" is-config="true" duration-ms="5024" started-at="2015-06-23T19:42:08Z" finished-at="2015-06-23T19:42:13Z">
          <reporter-output>
          </reporter-output>
        </test-method> <!-- close -->
      </class> <!-- stocksuite.SellPortFolioStockTest -->
    </test> <!-- Default test -->
  </suite> <!-- Default suite -->
</testng-results>
